2013-07-23 15:28:16,197 - irc - INFO
    NICK bot
2013-07-23 15:49:47,961 - irc - DEBUG
    Starting up...
2013-07-23 15:51:50,910 - irc - DEBUG
    Starting up...
2013-07-23 15:51:50,911 - irc - DEBUG
    Connection started
2013-07-23 15:51:50,912 - irc - DEBUG
    USER JoshAshby 3 * 
2013-07-23 15:52:46,224 - irc - DEBUG
    Starting up...
2013-07-23 15:55:30,587 - irc - DEBUG
    Starting up...
2013-07-23 15:58:28,943 - irc - INFO
    Starting up...
2013-07-23 15:58:28,944 - irc - DEBUG
    Connection init...
2013-07-23 15:58:28,944 - irc - INFO
    Connection started, finishing auth...
2013-07-23 15:58:28,945 - irc - DEBUG
    USER JoshAshby 3 * 
2013-07-23 15:59:06,191 - irc - INFO
    Starting up...
2013-07-23 15:59:06,193 - irc - DEBUG
    Connection init...
2013-07-23 15:59:06,196 - irc - INFO
    Connection started, finishing auth...
2013-07-23 15:59:06,198 - irc - DEBUG
    USER JoshAshby 3 * 
2013-07-23 15:59:06,486 - irc - INFO
    :pratchett.freenode.net NOTICE * :*** Looking up your hostname...
2013-07-23 15:59:06,489 - irc - DEBUG
    :pratchett.freenode.net NOTICE * :*** Looking up your hostname...
2013-07-23 15:59:06,619 - irc - INFO
    :pratchett.freenode.net NOTICE * :*** Checking Ident
2013-07-23 15:59:06,622 - irc - DEBUG
    :pratchett.freenode.net NOTICE * :*** Checking Ident
2013-07-23 15:59:06,752 - irc - INFO
    :pratchett.freenode.net NOTICE * :*** Found your hostname
2013-07-23 15:59:06,755 - irc - DEBUG
    :pratchett.freenode.net NOTICE * :*** Found your hostname
2013-07-23 15:59:16,374 - irc - INFO
    :pratchett.freenode.net NOTICE * :*** No Ident response
2013-07-23 15:59:16,374 - irc - DEBUG
    :pratchett.freenode.net NOTICE * :*** No Ident response
2013-07-23 15:59:16,514 - irc - INFO
    :pratchett.freenode.net 461 * USER :Not enough parameters
2013-07-23 15:59:16,515 - irc - DEBUG
    :pratchett.freenode.net 461 * USER :Not enough parameters
2013-07-23 16:00:07,532 - irc - INFO
    Starting up...
2013-07-23 16:00:07,534 - irc - DEBUG
    Connection init...
2013-07-23 16:00:07,534 - irc - INFO
    Connection started, finishing auth...
2013-07-23 16:00:07,535 - irc - DEBUG
    USER JoshAshby 3 * WAT
2013-07-23 16:00:08,034 - irc - INFO
    :banks.freenode.net NOTICE * :*** Looking up your hostname...
2013-07-23 16:00:08,036 - irc - DEBUG
    :banks.freenode.net NOTICE * :*** Looking up your hostname...
2013-07-23 16:00:08,292 - irc - INFO
    :banks.freenode.net NOTICE * :*** Checking Ident
2013-07-23 16:00:08,294 - irc - DEBUG
    :banks.freenode.net NOTICE * :*** Checking Ident
2013-07-23 16:00:08,530 - irc - INFO
    :banks.freenode.net NOTICE * :*** Found your hostname
2013-07-23 16:00:08,536 - irc - DEBUG
    :banks.freenode.net NOTICE * :*** Found your hostname
2013-07-23 16:00:15,275 - irc - INFO
    :banks.freenode.net NOTICE * :*** No Ident response
2013-07-23 16:00:15,277 - irc - DEBUG
    :banks.freenode.net NOTICE * :*** No Ident response
2013-07-23 16:02:24,945 - irc - INFO
    Starting up...
2013-07-23 16:02:24,945 - irc - INFO
    Connection started, finishing auth...
2013-07-23 16:02:24,946 - irc - DEBUG
    USER JoshAshby 3 * WAT
2013-07-23 16:02:25,035 - irc - DEBUG
    :card.freenode.net NOTICE * :*** Looking up your hostname...
2013-07-23 16:02:25,065 - irc - DEBUG
    :card.freenode.net NOTICE * :*** Checking Ident
2013-07-23 16:02:25,097 - irc - DEBUG
    :card.freenode.net NOTICE * :*** Found your hostname
2013-07-23 16:02:32,562 - irc - DEBUG
    :card.freenode.net NOTICE * :*** No Ident response
2013-07-23 16:09:09,910 - irc - INFO
    Starting up...
2013-07-23 16:09:09,910 - irc - INFO
    Connection started, finishing auth...
2013-07-23 16:09:09,911 - irc - DEBUG
    USER JoshAshby 3 * WAT
2013-07-23 16:09:10,204 - irc - DEBUG
    :pratchett.freenode.net NOTICE * :*** Looking up your hostname...
2013-07-23 16:09:10,351 - irc - DEBUG
    :pratchett.freenode.net NOTICE * :*** Checking Ident
2013-07-23 16:09:10,351 - irc - DEBUG
    :pratchett.freenode.net NOTICE * :*** Found your hostname
2013-07-23 16:09:19,103 - irc - DEBUG
    :pratchett.freenode.net NOTICE * :*** No Ident response
2013-07-23 16:11:53,341 - irc - INFO
    Starting up...
2013-07-23 16:11:53,344 - irc - INFO
    Connection started, finishing auth...
2013-07-23 16:11:53,346 - irc - DEBUG
    USER JoshAshby 3 * WAT
2013-07-23 16:11:53,348 - irc - DEBUG
    here
2013-07-23 16:11:53,778 - irc - DEBUG
    {'prefix': 'calvino.freenode.net', 'args': ['*', '*** Looking up your hostname...'], 'command': 'NOTICE'}
2013-07-23 16:11:53,781 - irc - DEBUG
    here
2013-07-23 16:11:53,954 - irc - DEBUG
    {'prefix': 'calvino.freenode.net', 'args': ['*', '*** Checking Ident'], 'command': 'NOTICE'}
2013-07-23 16:11:53,957 - irc - DEBUG
    here
2013-07-23 16:11:56,284 - irc - DEBUG
    {'prefix': 'calvino.freenode.net', 'args': ['*', '*** Found your hostname'], 'command': 'NOTICE'}
2013-07-23 16:11:56,286 - irc - DEBUG
    here
2013-07-23 16:11:59,972 - irc - DEBUG
    {'prefix': 'calvino.freenode.net', 'args': ['*', '*** No Ident response'], 'command': 'NOTICE'}
2013-07-23 16:11:59,972 - irc - DEBUG
    here
2013-07-23 16:13:55,795 - irc - INFO
    Starting up...
2013-07-23 16:13:55,796 - irc - INFO
    Connection started, finishing auth...
2013-07-23 16:13:55,796 - irc - DEBUG
    USER JoshAshby 3 * WAT
2013-07-23 16:14:22,571 - irc - INFO
    Starting up...
2013-07-23 16:14:22,573 - irc - INFO
    Connection started, finishing auth...
2013-07-23 16:14:22,573 - irc - DEBUG
    USER JoshAshby 3 * WAT
2013-07-23 16:14:22,574 - irc - DEBUG
    here
2013-07-23 16:17:54,997 - irc - INFO
    Starting up...
2013-07-23 16:17:55,000 - irc - INFO
    Connection started, finishing auth...
2013-07-23 16:17:55,002 - irc - DEBUG
    USER JoshAshby 3 * WAT
2013-07-23 16:17:55,005 - irc - DEBUG
    here
2013-07-23 16:17:55,094 - irc - DEBUG
    {'prefix': 'moorcock.freenode.net', 'args': ['*', '*** Looking up your hostname...'], 'command': 'NOTICE'}
2013-07-23 16:17:55,097 - irc - DEBUG
    here
2013-07-23 16:17:55,127 - irc - DEBUG
    {'prefix': 'moorcock.freenode.net', 'args': ['*', '*** Checking Ident'], 'command': 'NOTICE'}
2013-07-23 16:17:55,129 - irc - DEBUG
    here
2013-07-23 16:17:55,131 - irc - DEBUG
    {'prefix': 'moorcock.freenode.net', 'args': ['*', '*** Found your hostname'], 'command': 'NOTICE'}
2013-07-23 16:17:55,134 - irc - DEBUG
    here
2013-07-23 16:18:04,008 - irc - DEBUG
    {'prefix': 'moorcock.freenode.net', 'args': ['*', '*** No Ident response'], 'command': 'NOTICE'}
2013-07-23 16:18:04,010 - irc - DEBUG
    here
